{"logTime": "0514/144314", "correlationVector":"0brtfbe84gELmnZxuyoEqJ.0","action":"FeedSettingFetch_homeCloud", "result":"0", "context":{}}
{"logTime": "0514/144314", "correlationVector":"KUOtjkqgbL0SPDrdSzRm/4.1","action":"SyncServerConnectionManagerRequest", "result":"SYNC_SERVER_OK", "context":{"environment":"Prod_EastAsia_000d", "migrationStage":"NotStarted", "server":"GENERAL0100001J"}}
{"logTime": "0514/144314", "correlationVector":"KUOtjkqgbL0SPDrdSzRm/4","action":"Initial GetUpdates", "result":"", "context":Reason: NEW_CLIENT. cV=KUOtjkqgbL0SPDrdSzRm/4}
{"logTime": "0514/144314", "correlationVector":"KUOtjkqgbL0SPDrdSzRm/4.2","action":"GetUpdates Response", "result":"SYNCER_OK", "context":Received 1 update(s). cV=KUOtjkqgbL0SPDrdSzRm/4.0;server=GENERAL0100001J;cloudType=Consumer;environment=Prod_EastAsia_000d;migrationStage=NotStarted}
{"logTime": "0514/144315", "correlationVector":"iBCEpCgSrwss+lhyrTpdem","action":"SyncServerConnectionManagerRequest", "result":"SYNC_SERVER_OK", "context":{"environment":"", "migrationStage":"", "server":""}}
{"logTime": "0514/144315", "correlationVector":"8nogyJ8p/JpHHyfpivBIs+","action":"Initial GetUpdates", "result":"", "context":Reason: NEW_CLIENT. cV=8nogyJ8p/JpHHyfpivBIs+}
{"logTime": "0514/144315", "correlationVector":"8nogyJ8p/JpHHyfpivBIs+.1","action":"SyncServerConnectionManagerRequest", "result":"SYNC_SERVER_OK", "context":{"environment":"Prod_EastAsia_000d", "migrationStage":"NotStarted", "server":"GENERAL0100000P"}}
{"logTime": "0514/144315", "correlationVector":"8nogyJ8p/JpHHyfpivBIs+.2","action":"GetUpdates Response", "result":"SYNCER_OK", "context":Received 217 update(s). cV=8nogyJ8p/JpHHyfpivBIs+.0;server=GENERAL0100000P;cloudType=Consumer;environment=Prod_EastAsia_000d;migrationStage=NotStarted}
{"logTime": "0514/144315", "correlationVector":"glS+dam+Wv6Rcw+LvQ34w7","action":"Initial GetUpdates", "result":"", "context":Reason: NEWLY_SUPPORTED_DATATYPE. cV=glS+dam+Wv6Rcw+LvQ34w7}
{"logTime": "0514/144316", "correlationVector":"glS+dam+Wv6Rcw+LvQ34w7.1","action":"SyncServerConnectionManagerRequest", "result":"SYNC_SERVER_OK", "context":{"environment":"Prod_EastAsia_000d", "migrationStage":"NotStarted", "server":"GENERAL01000026"}}
{"logTime": "0514/144316", "correlationVector":"glS+dam+Wv6Rcw+LvQ34w7.2","action":"GetUpdates Response", "result":"SERVER_MORE_TO_DOWNLOAD", "context":Received 249 update(s).  Some updates remain.}
{"logTime": "0514/144316", "correlationVector":"Q+cBy2Rm7suH1dc7Tz33pY","action":"Initial GetUpdates", "result":"", "context":Reason: NEWLY_SUPPORTED_DATATYPE. cV=Q+cBy2Rm7suH1dc7Tz33pY}
{"logTime": "0514/144317", "correlationVector":"Q+cBy2Rm7suH1dc7Tz33pY.1","action":"SyncServerConnectionManagerRequest", "result":"SYNC_SERVER_OK", "context":{"environment":"Prod_EastAsia_000d", "migrationStage":"NotStarted", "server":"general0100000L"}}
{"logTime": "0514/144317", "correlationVector":"Q+cBy2Rm7suH1dc7Tz33pY.2","action":"GetUpdates Response", "result":"SERVER_MORE_TO_DOWNLOAD", "context":Received 250 update(s).  Some updates remain.}
{"logTime": "0514/144317", "correlationVector":"OuG81q3wOODRDIrVVSbR8O","action":"Initial GetUpdates", "result":"", "context":Reason: NEWLY_SUPPORTED_DATATYPE. cV=OuG81q3wOODRDIrVVSbR8O}
{"logTime": "0514/144318", "correlationVector":"OuG81q3wOODRDIrVVSbR8O.1","action":"SyncServerConnectionManagerRequest", "result":"SYNC_SERVER_OK", "context":{"environment":"Prod_EastAsia_000d", "migrationStage":"NotStarted", "server":"general0100002A"}}
{"logTime": "0514/144318", "correlationVector":"OuG81q3wOODRDIrVVSbR8O.2","action":"GetUpdates Response", "result":"SERVER_MORE_TO_DOWNLOAD", "context":Received 250 update(s).  Some updates remain.}
{"logTime": "0514/144318", "correlationVector":"DK1Lx08/+JGgDG94rUi/rl","action":"Initial GetUpdates", "result":"", "context":Reason: NEWLY_SUPPORTED_DATATYPE. cV=DK1Lx08/+JGgDG94rUi/rl}
{"logTime": "0514/144319", "correlationVector":"DK1Lx08/+JGgDG94rUi/rl.1","action":"SyncServerConnectionManagerRequest", "result":"SYNC_SERVER_OK", "context":{"environment":"Prod_EastAsia_000d", "migrationStage":"NotStarted", "server":"GENERAL0100001F"}}
{"logTime": "0514/144319", "correlationVector":"DK1Lx08/+JGgDG94rUi/rl.2","action":"GetUpdates Response", "result":"SERVER_MORE_TO_DOWNLOAD", "context":Received 250 update(s).  Some updates remain.}
{"logTime": "0514/144319", "correlationVector":"m8ErmlDhMXo4rl93eJJrpq","action":"Initial GetUpdates", "result":"", "context":Reason: NEWLY_SUPPORTED_DATATYPE. cV=m8ErmlDhMXo4rl93eJJrpq}
{"logTime": "0514/144320", "correlationVector":"m8ErmlDhMXo4rl93eJJrpq.1","action":"SyncServerConnectionManagerRequest", "result":"SYNC_SERVER_OK", "context":{"environment":"Prod_EastAsia_000d", "migrationStage":"NotStarted", "server":"GENERAL0100000C"}}
{"logTime": "0514/144320", "correlationVector":"m8ErmlDhMXo4rl93eJJrpq.2","action":"GetUpdates Response", "result":"SERVER_MORE_TO_DOWNLOAD", "context":Received 250 update(s).  Some updates remain.}
{"logTime": "0514/144320", "correlationVector":"Rfa4IDV3lxtYtBaGQ+fXkO","action":"Initial GetUpdates", "result":"", "context":Reason: NEWLY_SUPPORTED_DATATYPE. cV=Rfa4IDV3lxtYtBaGQ+fXkO}
{"logTime": "0514/144321", "correlationVector":"Rfa4IDV3lxtYtBaGQ+fXkO.1","action":"SyncServerConnectionManagerRequest", "result":"SYNC_SERVER_OK", "context":{"environment":"Prod_EastAsia_000d", "migrationStage":"NotStarted", "server":"GENERAL0100001Y"}}
{"logTime": "0514/144321", "correlationVector":"Rfa4IDV3lxtYtBaGQ+fXkO.2","action":"GetUpdates", "result":"DeleteReceived", "context":{"id":"6f6c4b2c-36fa-45c1-b497-f848898e4d0e", "isDeleted:":"true", "version":"1680623284842"}}
{"logTime": "0514/144321", "correlationVector":"Rfa4IDV3lxtYtBaGQ+fXkO.3","action":"GetUpdates", "result":"DeleteReceived", "context":{"id":"38bb4b36-9032-4231-bdb1-82b60045c15f", "isDeleted:":"true", "version":"1680625027443"}}
{"logTime": "0514/144321", "correlationVector":"Rfa4IDV3lxtYtBaGQ+fXkO.4","action":"GetUpdates", "result":"DeleteReceived", "context":{"id":"464bf352-4ef2-4e1f-b63a-3f7be2092faa", "isDeleted:":"true", "version":"1677241053710"}}
{"logTime": "0514/144321", "correlationVector":"Rfa4IDV3lxtYtBaGQ+fXkO.5","action":"GetUpdates", "result":"DeleteReceived", "context":{"id":"0b2f71a9-fd28-4694-a572-f6b86defd8d8", "isDeleted:":"true", "version":"1678708391208"}}
{"logTime": "0514/144321", "correlationVector":"Rfa4IDV3lxtYtBaGQ+fXkO.6","action":"GetUpdates", "result":"DeleteReceived", "context":{"id":"78fd9f45-b90f-426d-8bd7-b166a2b050fb", "isDeleted:":"true", "version":"1680615016105"}}
{"logTime": "0514/144321", "correlationVector":"Rfa4IDV3lxtYtBaGQ+fXkO.7","action":"GetUpdates Response", "result":"SERVER_MORE_TO_DOWNLOAD", "context":Received 250 update(s).  Some updates remain.}
{"logTime": "0514/144321", "correlationVector":"JjAMHS8vlwQdJXX0aNzIMt","action":"Initial GetUpdates", "result":"", "context":Reason: NEWLY_SUPPORTED_DATATYPE. cV=JjAMHS8vlwQdJXX0aNzIMt}
{"logTime": "0514/144321", "correlationVector":"JjAMHS8vlwQdJXX0aNzIMt.1","action":"SyncServerConnectionManagerRequest", "result":"SYNC_SERVER_OK", "context":{"environment":"Prod_EastAsia_000d", "migrationStage":"NotStarted", "server":"GENERAL0100000R"}}
{"logTime": "0514/144321", "correlationVector":"JjAMHS8vlwQdJXX0aNzIMt.2","action":"GetUpdates", "result":"DeleteReceived", "context":{"id":"67a5a970-711a-4086-837d-5ae32559e6d8", "isDeleted:":"true", "version":"1683526846674"}}
{"logTime": "0514/144321", "correlationVector":"JjAMHS8vlwQdJXX0aNzIMt.3","action":"GetUpdates", "result":"DeleteReceived", "context":{"id":"9342c09c-ec7e-4ec7-91fb-f70375baa6d2", "isDeleted:":"true", "version":"1683535281127"}}
{"logTime": "0514/144321", "correlationVector":"JjAMHS8vlwQdJXX0aNzIMt.4","action":"GetUpdates Response", "result":"SERVER_MORE_TO_DOWNLOAD", "context":Received 250 update(s).  Some updates remain.}
{"logTime": "0514/144321", "correlationVector":"2VkQSGl9gjxlZ3K5X5EKJs","action":"Initial GetUpdates", "result":"", "context":Reason: NEWLY_SUPPORTED_DATATYPE. cV=2VkQSGl9gjxlZ3K5X5EKJs}
{"logTime": "0514/144322", "correlationVector":"2VkQSGl9gjxlZ3K5X5EKJs.1","action":"SyncServerConnectionManagerRequest", "result":"SYNC_SERVER_OK", "context":{"environment":"Prod_EastAsia_000d", "migrationStage":"NotStarted", "server":"GENERAL0100001J"}}
{"logTime": "0514/144322", "correlationVector":"2VkQSGl9gjxlZ3K5X5EKJs.2","action":"GetUpdates Response", "result":"SYNCER_OK", "context":Received 63 update(s). cV=2VkQSGl9gjxlZ3K5X5EKJs.0;server=GENERAL0100001J;cloudType=Consumer;environment=Prod_EastAsia_000d;migrationStage=NotStarted}
{"logTime": "0514/144322", "correlationVector":"kT4CBXVDGbgxVuRt/wq/XL","action":"Normal GetUpdate request", "result":"", "context":cV=kT4CBXVDGbgxVuRt/wq/XL
Nudged types: Bookmarks
Refresh requested types: Bookmarks, Passwords, Autofill Profiles, Autofill, Autofill Custom Data, Encryption Keys}
{"logTime": "0514/144322", "correlationVector":"kT4CBXVDGbgxVuRt/wq/XL.1","action":"SyncServerConnectionManagerRequest", "result":"SYNC_SERVER_OK", "context":{"environment":"Prod_EastAsia_000d", "migrationStage":"NotStarted", "server":"GENERAL01000022"}}
{"logTime": "0514/144322", "correlationVector":"kT4CBXVDGbgxVuRt/wq/XL.2","action":"GetUpdates Response", "result":"SYNCER_OK", "context":Received 0 update(s). cV=kT4CBXVDGbgxVuRt/wq/XL.0;server=GENERAL01000022;cloudType=Consumer;environment=Prod_EastAsia_000d;migrationStage=NotStarted}
{"logTime": "0514/144322", "correlationVector":"VPk76XSGHkefRzfxnIvrZR","action":"Commit Request", "result":"", "context":Item count: 10
Contributing types: Bookmarks}
{"logTime": "0514/144323", "correlationVector":"VPk76XSGHkefRzfxnIvrZR.1","action":"SyncServerConnectionManagerRequest", "result":"SYNC_SERVER_OK", "context":{"environment":"Prod_EastAsia_000d", "migrationStage":"NotStarted", "server":"general0100000X"}}
{"logTime": "0514/144323", "correlationVector":"VPk76XSGHkefRzfxnIvrZR.2","action":"Commit Response", "result":"SYNCER_OK", "context":Result: SYNCER_OK. cV=VPk76XSGHkefRzfxnIvrZR.0;server=general0100000X;cloudType=Consumer;environment=Prod_EastAsia_000d;migrationStage=NotStarted}
